<?xml version="1.0" encoding="UTF-8"?>
<!-- Generated by org.testng.reporters.JUnitReportReporter -->
<testsuite hostname="UnKnown-PC" failures="0" tests="1" name="Ecsiting_Reg.exc_acount" time="13.132" errors="0" timestamp="2021-10-09T15:35:08 EET" skipped="0">
  <testcase classname="Ecsiting_Reg.exc_acount" name="Ex_Acount" time="13.132"/>
  <system-out/>
</testsuite> <!-- Ecsiting_Reg.exc_acount -->
