<?xml version="1.0" encoding="UTF-8"?>
<!-- Generated by org.testng.reporters.JUnitReportReporter -->
<testsuite hostname="UnKnown-PC" failures="0" tests="7" name="Login.Login" time="149.506" errors="0" timestamp="2021-10-10T19:18:12 EET" skipped="0">
  <testcase classname="Login.Login" name="Log_vu_vp" time="26.403"/>
  <system-out/>
  <testcase classname="Login.Login" name="Log_ivu_vp" time="26.799"/>
  <system-out/>
  <testcase classname="Login.Login" name="Log_vu_ivp" time="19.482"/>
  <system-out/>
  <testcase classname="Login.Login" name="Log_ivu_ivp" time="18.292"/>
  <system-out/>
  <testcase classname="Login.Login" name="Log_eu_ep" time="20.049"/>
  <system-out/>
  <testcase classname="Login.Login" name="Log_nonu_nonp" time="19.956"/>
  <system-out/>
  <testcase classname="Login.Login" name="Log_forget" time="18.525"/>
  <system-out/>
</testsuite> <!-- Login.Login -->
