<?xml version="1.0" encoding="UTF-8"?>
<!-- Generated by org.testng.reporters.JUnitReportReporter -->
<testsuite hostname="UnKnown-PC" failures="0" tests="3" name="Reg.Reg" time="68.260" errors="0" timestamp="2021-10-10T19:18:12 EET" skipped="0">
  <testcase classname="Reg.Reg" name="Create_Acount_NLet_Nnum" time="24.792"/>
  <system-out/>
  <testcase classname="Reg.Reg" name="Create_Acount_NonLet_Nonnum" time="24.534"/>
  <system-out/>
  <testcase classname="Reg.Reg" name="Ex_Acount" time="18.934"/>
  <system-out/>
</testsuite> <!-- Reg.Reg -->
